This is pdfTeX, Version 3.141592653-2.6-1.40.25 (TeX Live 2023) (preloaded format=pdflatex 2023.6.21)  21 JUN 2023 11:20
entering extended mode
 \write18 enabled.
 %&-line parsing enabled.
**/tmp/lvim.sohamd/ApUMlh/1
(/tmp/lvim.sohamd/ApUMlh/1
LaTeX2e <2023-06-01> patch level 1
L3 programming layer <2023-06-16>
(/opt/texlive/2023/texmf-dist/tex/latex/base/article.cls
Document Class: article 2023/05/17 v1.4n Standard LaTeX document class
(/opt/texlive/2023/texmf-dist/tex/latex/base/size12.clo
File: size12.clo 2023/05/17 v1.4n Standard LaTeX file (size option)
)
\c@part=\count185
\c@section=\count186
\c@subsection=\count187
\c@subsubsection=\count188
\c@paragraph=\count189
\c@subparagraph=\count190
\c@figure=\count191
\c@table=\count192
\abovecaptionskip=\skip48
\belowcaptionskip=\skip49
\bibindent=\dimen140
)
(/opt/texlive/2023/texmf-dist/tex/latex/l3backend/l3backend-pdftex.def
File: l3backend-pdftex.def 2023-04-19 L3 backend support: PDF output (pdfTeX)
\l__color_backend_stack_int=\count193
\l__pdf_internal_box=\box51
)
(./report.aux)
\openout1 = `report.aux'.

LaTeX Font Info:    Checking defaults for OML/cmm/m/it on input line 2.
LaTeX Font Info:    ... okay on input line 2.
LaTeX Font Info:    Checking defaults for OMS/cmsy/m/n on input line 2.
LaTeX Font Info:    ... okay on input line 2.
LaTeX Font Info:    Checking defaults for OT1/cmr/m/n on input line 2.
LaTeX Font Info:    ... okay on input line 2.
LaTeX Font Info:    Checking defaults for T1/cmr/m/n on input line 2.
LaTeX Font Info:    ... okay on input line 2.
LaTeX Font Info:    Checking defaults for TS1/cmr/m/n on input line 2.
LaTeX Font Info:    ... okay on input line 2.
LaTeX Font Info:    Checking defaults for OMX/cmex/m/n on input line 2.
LaTeX Font Info:    ... okay on input line 2.
LaTeX Font Info:    Checking defaults for U/cmr/m/n on input line 2.
LaTeX Font Info:    ... okay on input line 2.
LaTeX Font Info:    External font `cmex10' loaded for size
(Font)              <14.4> on input line 6.
LaTeX Font Info:    External font `cmex10' loaded for size
(Font)              <7> on input line 6.
 [1

{/opt/texlive/2023/texmf-var/fonts/map/pdftex/updmap/pdftex.map}] (./report.toc
)
\tf@toc=\write3
\openout3 = `report.toc'.

 [2

] [3

]
LaTeX Font Info:    External font `cmex10' loaded for size
(Font)              <12> on input line 18.
LaTeX Font Info:    External font `cmex10' loaded for size
(Font)              <8> on input line 18.
LaTeX Font Info:    External font `cmex10' loaded for size
(Font)              <6> on input line 18.
 [4

] [5

] [6

] (./report.aux)
 ***********
LaTeX2e <2023-06-01> patch level 1
L3 programming layer <2023-06-16>
 ***********
 ) 
Here is how much of TeX's memory you used:
 470 strings out of 475723
 8834 string characters out of 5758396
 1854769 words of memory out of 5000000
 21293 multiletter control sequences out of 15000+600000
 518248 words of font info for 50 fonts, out of 8000000 for 9000
 1141 hyphenation exceptions out of 8191
 35i,6n,50p,161b,197s stack positions out of 10000i,1000n,20000p,200000b,200000s
</opt/texlive/2023/texmf-dist/fonts/type1/public/amsfonts/cm/cmbx12.pfb></opt
/texlive/2023/texmf-dist/fonts/type1/public/amsfonts/cm/cmex10.pfb></opt/texliv
e/2023/texmf-dist/fonts/type1/public/amsfonts/cm/cmmi12.pfb></opt/texlive/2023/
texmf-dist/fonts/type1/public/amsfonts/cm/cmmi8.pfb></opt/texlive/2023/texmf-di
st/fonts/type1/public/amsfonts/cm/cmr12.pfb></opt/texlive/2023/texmf-dist/fonts
/type1/public/amsfonts/cm/cmr17.pfb></opt/texlive/2023/texmf-dist/fonts/type1/p
ublic/amsfonts/cm/cmr8.pfb></opt/texlive/2023/texmf-dist/fonts/type1/public/ams
fonts/cm/cmsy8.pfb>
Output written on report.pdf (6 pages, 87069 bytes).
PDF statistics:
 63 PDF objects out of 1000 (max. 8388607)
 38 compressed objects within 1 object stream
 0 named destinations out of 1000 (max. 500000)
 1 words of extra memory for PDF output out of 10000 (max. 10000000)

